ARM GAS  /tmp/ccxDAhwF.s 			page 1


   1              		.cpu cortex-m4
   2              		.eabi_attribute 20, 1
   3              		.eabi_attribute 21, 1
   4              		.eabi_attribute 23, 3
   5              		.eabi_attribute 24, 1
   6              		.eabi_attribute 25, 1
   7              		.eabi_attribute 26, 1
   8              		.eabi_attribute 30, 2
   9              		.eabi_attribute 34, 1
  10              		.eabi_attribute 18, 4
  11              		.file	"hal_pal.c"
  12              		.text
  13              	.Ltext0:
  14              		.cfi_sections	.debug_frame
  15              		.section	.text.palReadBus,"ax",%progbits
  16              		.align	1
  17              		.p2align 4,,15
  18              		.global	palReadBus
  19              		.arch armv7e-m
  20              		.syntax unified
  21              		.thumb
  22              		.thumb_func
  23              		.fpu softvfp
  24              		.type	palReadBus, %function
  25              	palReadBus:
  26              	.LVL0:
  27              	.LFB277:
  28              		.file 1 "../../../os/hal/src/hal_pal.c"
  29              		.loc 1 65 37 view -0
  30              		.cfi_startproc
  31              		@ args = 0, pretend = 0, frame = 0
  32              		@ frame_needed = 0, uses_anonymous_args = 0
  33              		@ link register save eliminated.
  34              		.loc 1 67 3 view .LVU1
  35              		.loc 1 67 3 view .LVU2
  36              		.loc 1 67 3 view .LVU3
  37              		.loc 1 69 3 view .LVU4
  38              		.loc 1 69 10 is_stmt 0 view .LVU5
  39 0000 0368     		ldr	r3, [r0]
  40 0002 8268     		ldr	r2, [r0, #8]
  41 0004 1B69     		ldr	r3, [r3, #16]
  42 0006 4068     		ldr	r0, [r0, #4]
  43              	.LVL1:
  44              		.loc 1 69 10 view .LVU6
  45 0008 D340     		lsrs	r3, r3, r2
  46              		.loc 1 70 1 view .LVU7
  47 000a 1840     		ands	r0, r0, r3
  48 000c 7047     		bx	lr
  49              		.cfi_endproc
  50              	.LFE277:
  51              		.size	palReadBus, .-palReadBus
  52 000e 00BF     		.section	.text.palWriteBus,"ax",%progbits
  53              		.align	1
  54              		.p2align 4,,15
  55              		.global	palWriteBus
  56              		.syntax unified
  57              		.thumb
ARM GAS  /tmp/ccxDAhwF.s 			page 2


  58              		.thumb_func
  59              		.fpu softvfp
  60              		.type	palWriteBus, %function
  61              	palWriteBus:
  62              	.LVL2:
  63              	.LFB278:
  64              		.loc 1 90 49 is_stmt 1 view -0
  65              		.cfi_startproc
  66              		@ args = 0, pretend = 0, frame = 0
  67              		@ frame_needed = 0, uses_anonymous_args = 0
  68              		@ link register save eliminated.
  69              		.loc 1 92 3 view .LVU9
  70              		.loc 1 92 3 view .LVU10
  71              		.loc 1 92 3 view .LVU11
  72              		.loc 1 94 3 view .LVU12
  73              		.loc 1 90 49 is_stmt 0 view .LVU13
  74 0000 10B4     		push	{r4}
  75              		.cfi_def_cfa_offset 4
  76              		.cfi_offset 4, -4
  77              		.loc 1 94 3 view .LVU14
  78 0002 D0E90142 		ldrd	r4, r2, [r0, #4]
  79 0006 24EA0103 		bic	r3, r4, r1
  80 000a 2140     		ands	r1, r1, r4
  81              	.LVL3:
  82              		.loc 1 94 3 view .LVU15
  83 000c 9140     		lsls	r1, r1, r2
  84 000e 1032     		adds	r2, r2, #16
  85 0010 0068     		ldr	r0, [r0]
  86              	.LVL4:
  87              		.loc 1 95 1 view .LVU16
  88 0012 10BC     		pop	{r4}
  89              		.cfi_restore 4
  90              		.cfi_def_cfa_offset 0
  91              		.loc 1 94 3 view .LVU17
  92 0014 9340     		lsls	r3, r3, r2
  93 0016 1943     		orrs	r1, r1, r3
  94 0018 8161     		str	r1, [r0, #24]
  95              		.loc 1 95 1 view .LVU18
  96 001a 7047     		bx	lr
  97              		.cfi_endproc
  98              	.LFE278:
  99              		.size	palWriteBus, .-palWriteBus
 100              		.section	.text.palSetBusMode,"ax",%progbits
 101              		.align	1
 102              		.p2align 4,,15
 103              		.global	palSetBusMode
 104              		.syntax unified
 105              		.thumb
 106              		.thumb_func
 107              		.fpu softvfp
 108              		.type	palSetBusMode, %function
 109              	palSetBusMode:
 110              	.LVL5:
 111              	.LFB279:
 112              		.loc 1 113 47 is_stmt 1 view -0
 113              		.cfi_startproc
 114              		@ args = 0, pretend = 0, frame = 0
ARM GAS  /tmp/ccxDAhwF.s 			page 3


 115              		@ frame_needed = 0, uses_anonymous_args = 0
 116              		@ link register save eliminated.
 117              		.loc 1 115 3 view .LVU20
 118              		.loc 1 115 3 view .LVU21
 119              		.loc 1 115 3 view .LVU22
 120              		.loc 1 117 3 view .LVU23
 121              		.loc 1 113 47 is_stmt 0 view .LVU24
 122 0000 10B4     		push	{r4}
 123              		.cfi_def_cfa_offset 4
 124              		.cfi_offset 4, -4
 125              		.loc 1 113 47 view .LVU25
 126 0002 0A46     		mov	r2, r1
 127              		.loc 1 117 3 view .LVU26
 128 0004 D0E90141 		ldrd	r4, r1, [r0, #4]
 129              	.LVL6:
 130              		.loc 1 117 3 view .LVU27
 131 0008 0068     		ldr	r0, [r0]
 132              	.LVL7:
 133              		.loc 1 117 3 view .LVU28
 134 000a 04FA01F1 		lsl	r1, r4, r1
 135              		.loc 1 118 1 view .LVU29
 136 000e 10BC     		pop	{r4}
 137              		.cfi_restore 4
 138              		.cfi_def_cfa_offset 0
 139              		.loc 1 117 3 view .LVU30
 140 0010 FFF7FEBF 		b	_pal_lld_setgroupmode
 141              	.LVL8:
 142              		.loc 1 117 3 view .LVU31
 143              		.cfi_endproc
 144              	.LFE279:
 145              		.size	palSetBusMode, .-palSetBusMode
 146              		.text
 147              	.Letext0:
 148              		.file 2 "/usr/lib/gcc/arm-none-eabi/10.3.1/include/stdint.h"
 149              		.file 3 "../../../os/hal/ports/STM32/LLD/GPIOv2/hal_pal_lld.h"
 150              		.file 4 "../../../os/hal/include/hal_pal.h"
 151              		.section	.debug_info,"",%progbits
 152              	.Ldebug_info0:
 153 0000 2C030000 		.4byte	0x32c
 154 0004 0400     		.2byte	0x4
 155 0006 00000000 		.4byte	.Ldebug_abbrev0
 156 000a 04       		.byte	0x4
 157 000b 01       		.uleb128 0x1
 158 000c F5000000 		.4byte	.LASF37
 159 0010 0C       		.byte	0xc
 160 0011 3A020000 		.4byte	.LASF38
 161 0015 B2000000 		.4byte	.LASF39
 162 0019 00000000 		.4byte	.Ldebug_ranges0+0
 163 001d 00000000 		.4byte	0
 164 0021 00000000 		.4byte	.Ldebug_line0
 165 0025 02       		.uleb128 0x2
 166 0026 04       		.byte	0x4
 167 0027 05       		.byte	0x5
 168 0028 696E7400 		.ascii	"int\000"
 169 002c 03       		.uleb128 0x3
 170 002d 04       		.byte	0x4
 171 002e 07       		.byte	0x7
ARM GAS  /tmp/ccxDAhwF.s 			page 4


 172 002f F1010000 		.4byte	.LASF0
 173 0033 03       		.uleb128 0x3
 174 0034 08       		.byte	0x8
 175 0035 05       		.byte	0x5
 176 0036 1B020000 		.4byte	.LASF1
 177 003a 03       		.uleb128 0x3
 178 003b 08       		.byte	0x8
 179 003c 04       		.byte	0x4
 180 003d 7E020000 		.4byte	.LASF2
 181 0041 03       		.uleb128 0x3
 182 0042 01       		.byte	0x1
 183 0043 06       		.byte	0x6
 184 0044 8A020000 		.4byte	.LASF3
 185 0048 03       		.uleb128 0x3
 186 0049 02       		.byte	0x2
 187 004a 05       		.byte	0x5
 188 004b C9010000 		.4byte	.LASF4
 189 004f 03       		.uleb128 0x3
 190 0050 04       		.byte	0x4
 191 0051 05       		.byte	0x5
 192 0052 75020000 		.4byte	.LASF5
 193 0056 03       		.uleb128 0x3
 194 0057 01       		.byte	0x1
 195 0058 08       		.byte	0x8
 196 0059 75000000 		.4byte	.LASF6
 197 005d 04       		.uleb128 0x4
 198 005e 63020000 		.4byte	.LASF8
 199 0062 02       		.byte	0x2
 200 0063 31       		.byte	0x31
 201 0064 19       		.byte	0x19
 202 0065 69000000 		.4byte	0x69
 203 0069 03       		.uleb128 0x3
 204 006a 02       		.byte	0x2
 205 006b 07       		.byte	0x7
 206 006c 9A000000 		.4byte	.LASF7
 207 0070 04       		.uleb128 0x4
 208 0071 6C020000 		.4byte	.LASF9
 209 0075 02       		.byte	0x2
 210 0076 34       		.byte	0x34
 211 0077 19       		.byte	0x19
 212 0078 81000000 		.4byte	0x81
 213 007c 05       		.uleb128 0x5
 214 007d 70000000 		.4byte	0x70
 215 0081 03       		.uleb128 0x3
 216 0082 04       		.byte	0x4
 217 0083 07       		.byte	0x7
 218 0084 88000000 		.4byte	.LASF10
 219 0088 03       		.uleb128 0x3
 220 0089 08       		.byte	0x8
 221 008a 07       		.byte	0x7
 222 008b 9C020000 		.4byte	.LASF11
 223 008f 04       		.uleb128 0x4
 224 0090 1C000000 		.4byte	.LASF12
 225 0094 02       		.byte	0x2
 226 0095 4B       		.byte	0x4b
 227 0096 1D       		.byte	0x1d
 228 0097 2C000000 		.4byte	0x2c
ARM GAS  /tmp/ccxDAhwF.s 			page 5


 229 009b 03       		.uleb128 0x3
 230 009c 01       		.byte	0x1
 231 009d 08       		.byte	0x8
 232 009e FE010000 		.4byte	.LASF13
 233 00a2 06       		.uleb128 0x6
 234 00a3 9B000000 		.4byte	0x9b
 235 00a7 03       		.uleb128 0x3
 236 00a8 01       		.byte	0x1
 237 00a9 02       		.byte	0x2
 238 00aa 96020000 		.4byte	.LASF14
 239 00ae 07       		.uleb128 0x7
 240 00af 04       		.byte	0x4
 241 00b0 03       		.byte	0x3
 242 00b1 E7       		.byte	0xe7
 243 00b2 05       		.byte	0x5
 244 00b3 D2000000 		.4byte	0xd2
 245 00b7 08       		.uleb128 0x8
 246 00b8 73657400 		.ascii	"set\000"
 247 00bc 03       		.byte	0x3
 248 00bd E8       		.byte	0xe8
 249 00be 19       		.byte	0x19
 250 00bf 5D000000 		.4byte	0x5d
 251 00c3 00       		.byte	0
 252 00c4 09       		.uleb128 0x9
 253 00c5 05000000 		.4byte	.LASF15
 254 00c9 03       		.byte	0x3
 255 00ca E9       		.byte	0xe9
 256 00cb 19       		.byte	0x19
 257 00cc 5D000000 		.4byte	0x5d
 258 00d0 02       		.byte	0x2
 259 00d1 00       		.byte	0
 260 00d2 0A       		.uleb128 0xa
 261 00d3 04       		.byte	0x4
 262 00d4 03       		.byte	0x3
 263 00d5 E5       		.byte	0xe5
 264 00d6 0C       		.byte	0xc
 265 00d7 F0000000 		.4byte	0xf0
 266 00db 0B       		.uleb128 0xb
 267 00dc 5700     		.ascii	"W\000"
 268 00de 03       		.byte	0x3
 269 00df E6       		.byte	0xe6
 270 00e0 19       		.byte	0x19
 271 00e1 70000000 		.4byte	0x70
 272 00e5 0B       		.uleb128 0xb
 273 00e6 4800     		.ascii	"H\000"
 274 00e8 03       		.byte	0x3
 275 00e9 EA       		.byte	0xea
 276 00ea 07       		.byte	0x7
 277 00eb AE000000 		.4byte	0xae
 278 00ef 00       		.byte	0
 279 00f0 05       		.uleb128 0x5
 280 00f1 D2000000 		.4byte	0xd2
 281 00f5 07       		.uleb128 0x7
 282 00f6 2C       		.byte	0x2c
 283 00f7 03       		.byte	0x3
 284 00f8 DD       		.byte	0xdd
 285 00f9 09       		.byte	0x9
ARM GAS  /tmp/ccxDAhwF.s 			page 6


 286 00fa 8E010000 		.4byte	0x18e
 287 00fe 09       		.uleb128 0x9
 288 00ff 0B000000 		.4byte	.LASF16
 289 0103 03       		.byte	0x3
 290 0104 DF       		.byte	0xdf
 291 0105 19       		.byte	0x19
 292 0106 7C000000 		.4byte	0x7c
 293 010a 00       		.byte	0
 294 010b 09       		.uleb128 0x9
 295 010c 65000000 		.4byte	.LASF17
 296 0110 03       		.byte	0x3
 297 0111 E0       		.byte	0xe0
 298 0112 19       		.byte	0x19
 299 0113 7C000000 		.4byte	0x7c
 300 0117 04       		.byte	0x4
 301 0118 09       		.uleb128 0x9
 302 0119 D3010000 		.4byte	.LASF18
 303 011d 03       		.byte	0x3
 304 011e E1       		.byte	0xe1
 305 011f 19       		.byte	0x19
 306 0120 7C000000 		.4byte	0x7c
 307 0124 08       		.byte	0x8
 308 0125 09       		.uleb128 0x9
 309 0126 15020000 		.4byte	.LASF19
 310 012a 03       		.byte	0x3
 311 012b E2       		.byte	0xe2
 312 012c 19       		.byte	0x19
 313 012d 7C000000 		.4byte	0x7c
 314 0131 0C       		.byte	0xc
 315 0132 08       		.uleb128 0x8
 316 0133 49445200 		.ascii	"IDR\000"
 317 0137 03       		.byte	0x3
 318 0138 E3       		.byte	0xe3
 319 0139 19       		.byte	0x19
 320 013a 7C000000 		.4byte	0x7c
 321 013e 10       		.byte	0x10
 322 013f 08       		.uleb128 0x8
 323 0140 4F445200 		.ascii	"ODR\000"
 324 0144 03       		.byte	0x3
 325 0145 E4       		.byte	0xe4
 326 0146 19       		.byte	0x19
 327 0147 7C000000 		.4byte	0x7c
 328 014b 14       		.byte	0x14
 329 014c 09       		.uleb128 0x9
 330 014d 29000000 		.4byte	.LASF20
 331 0151 03       		.byte	0x3
 332 0152 EB       		.byte	0xeb
 333 0153 05       		.byte	0x5
 334 0154 F0000000 		.4byte	0xf0
 335 0158 18       		.byte	0x18
 336 0159 09       		.uleb128 0x9
 337 015a 00000000 		.4byte	.LASF21
 338 015e 03       		.byte	0x3
 339 015f EC       		.byte	0xec
 340 0160 19       		.byte	0x19
 341 0161 7C000000 		.4byte	0x7c
 342 0165 1C       		.byte	0x1c
ARM GAS  /tmp/ccxDAhwF.s 			page 7


 343 0166 09       		.uleb128 0x9
 344 0167 AD000000 		.4byte	.LASF22
 345 016b 03       		.byte	0x3
 346 016c ED       		.byte	0xed
 347 016d 19       		.byte	0x19
 348 016e 7C000000 		.4byte	0x7c
 349 0172 20       		.byte	0x20
 350 0173 09       		.uleb128 0x9
 351 0174 83000000 		.4byte	.LASF23
 352 0178 03       		.byte	0x3
 353 0179 EE       		.byte	0xee
 354 017a 19       		.byte	0x19
 355 017b 7C000000 		.4byte	0x7c
 356 017f 24       		.byte	0x24
 357 0180 08       		.uleb128 0x8
 358 0181 42525200 		.ascii	"BRR\000"
 359 0185 03       		.byte	0x3
 360 0186 EF       		.byte	0xef
 361 0187 19       		.byte	0x19
 362 0188 7C000000 		.4byte	0x7c
 363 018c 28       		.byte	0x28
 364 018d 00       		.byte	0
 365 018e 04       		.uleb128 0x4
 366 018f 08020000 		.4byte	.LASF24
 367 0193 03       		.byte	0x3
 368 0194 F0       		.byte	0xf0
 369 0195 03       		.byte	0x3
 370 0196 F5000000 		.4byte	0xf5
 371 019a 0C       		.uleb128 0xc
 372 019b 4F000000 		.4byte	.LASF25
 373 019f 03       		.byte	0x3
 374 01a0 3F01     		.2byte	0x13f
 375 01a2 12       		.byte	0x12
 376 01a3 70000000 		.4byte	0x70
 377 01a7 0C       		.uleb128 0xc
 378 01a8 6C000000 		.4byte	.LASF26
 379 01ac 03       		.byte	0x3
 380 01ad 4401     		.2byte	0x144
 381 01af 12       		.byte	0x12
 382 01b0 70000000 		.4byte	0x70
 383 01b4 0C       		.uleb128 0xc
 384 01b5 58020000 		.4byte	.LASF27
 385 01b9 03       		.byte	0x3
 386 01ba 5101     		.2byte	0x151
 387 01bc 18       		.byte	0x18
 388 01bd C1010000 		.4byte	0x1c1
 389 01c1 0D       		.uleb128 0xd
 390 01c2 04       		.byte	0x4
 391 01c3 8E010000 		.4byte	0x18e
 392 01c7 07       		.uleb128 0x7
 393 01c8 0C       		.byte	0xc
 394 01c9 04       		.byte	0x4
 395 01ca 8A       		.byte	0x8a
 396 01cb 09       		.byte	0x9
 397 01cc F8010000 		.4byte	0x1f8
 398 01d0 09       		.uleb128 0x9
 399 01d1 48000000 		.4byte	.LASF28
ARM GAS  /tmp/ccxDAhwF.s 			page 8


 400 01d5 04       		.byte	0x4
 401 01d6 8E       		.byte	0x8e
 402 01d7 19       		.byte	0x19
 403 01d8 B4010000 		.4byte	0x1b4
 404 01dc 00       		.byte	0
 405 01dd 09       		.uleb128 0x9
 406 01de 29020000 		.4byte	.LASF29
 407 01e2 04       		.byte	0x4
 408 01e3 94       		.byte	0x94
 409 01e4 19       		.byte	0x19
 410 01e5 9A010000 		.4byte	0x19a
 411 01e9 04       		.byte	0x4
 412 01ea 09       		.uleb128 0x9
 413 01eb 33020000 		.4byte	.LASF30
 414 01ef 04       		.byte	0x4
 415 01f0 98       		.byte	0x98
 416 01f1 19       		.byte	0x19
 417 01f2 8F000000 		.4byte	0x8f
 418 01f6 08       		.byte	0x8
 419 01f7 00       		.byte	0
 420 01f8 04       		.uleb128 0x4
 421 01f9 B3020000 		.4byte	.LASF31
 422 01fd 04       		.byte	0x4
 423 01fe 99       		.byte	0x99
 424 01ff 03       		.byte	0x3
 425 0200 C7010000 		.4byte	0x1c7
 426 0204 0E       		.uleb128 0xe
 427 0205 3A000000 		.4byte	.LASF33
 428 0209 01       		.byte	0x1
 429 020a 71       		.byte	0x71
 430 020b 06       		.byte	0x6
 431 020c 00000000 		.4byte	.LFB279
 432 0210 14000000 		.4byte	.LFE279-.LFB279
 433 0214 01       		.uleb128 0x1
 434 0215 9C       		.byte	0x9c
 435 0216 5D020000 		.4byte	0x25d
 436 021a 0F       		.uleb128 0xf
 437 021b 62757300 		.ascii	"bus\000"
 438 021f 01       		.byte	0x1
 439 0220 71       		.byte	0x71
 440 0221 1B       		.byte	0x1b
 441 0222 5D020000 		.4byte	0x25d
 442 0226 04000000 		.4byte	.LLST3
 443 022a 00000000 		.4byte	.LVUS3
 444 022e 10       		.uleb128 0x10
 445 022f 03020000 		.4byte	.LASF32
 446 0233 01       		.byte	0x1
 447 0234 71       		.byte	0x71
 448 0235 29       		.byte	0x29
 449 0236 A7010000 		.4byte	0x1a7
 450 023a 2B000000 		.4byte	.LLST4
 451 023e 25000000 		.4byte	.LVUS4
 452 0242 11       		.uleb128 0x11
 453 0243 5C000000 		.4byte	.LASF36
 454 0247 73020000 		.4byte	0x273
 455 024b 12       		.uleb128 0x12
 456 024c 14000000 		.4byte	.LVL8
ARM GAS  /tmp/ccxDAhwF.s 			page 9


 457 0250 22030000 		.4byte	0x322
 458 0254 13       		.uleb128 0x13
 459 0255 01       		.uleb128 0x1
 460 0256 52       		.byte	0x52
 461 0257 03       		.uleb128 0x3
 462 0258 F3       		.byte	0xf3
 463 0259 01       		.uleb128 0x1
 464 025a 51       		.byte	0x51
 465 025b 00       		.byte	0
 466 025c 00       		.byte	0
 467 025d 0D       		.uleb128 0xd
 468 025e 04       		.byte	0x4
 469 025f F8010000 		.4byte	0x1f8
 470 0263 14       		.uleb128 0x14
 471 0264 A2000000 		.4byte	0xa2
 472 0268 73020000 		.4byte	0x273
 473 026c 15       		.uleb128 0x15
 474 026d 2C000000 		.4byte	0x2c
 475 0271 0D       		.byte	0xd
 476 0272 00       		.byte	0
 477 0273 06       		.uleb128 0x6
 478 0274 63020000 		.4byte	0x263
 479 0278 0E       		.uleb128 0xe
 480 0279 2E000000 		.4byte	.LASF34
 481 027d 01       		.byte	0x1
 482 027e 5A       		.byte	0x5a
 483 027f 06       		.byte	0x6
 484 0280 00000000 		.4byte	.LFB278
 485 0284 1C000000 		.4byte	.LFE278-.LFB278
 486 0288 01       		.uleb128 0x1
 487 0289 9C       		.byte	0x9c
 488 028a C0020000 		.4byte	0x2c0
 489 028e 0F       		.uleb128 0xf
 490 028f 62757300 		.ascii	"bus\000"
 491 0293 01       		.byte	0x1
 492 0294 5A       		.byte	0x5a
 493 0295 19       		.byte	0x19
 494 0296 5D020000 		.4byte	0x25d
 495 029a 5B000000 		.4byte	.LLST1
 496 029e 57000000 		.4byte	.LVUS1
 497 02a2 10       		.uleb128 0x10
 498 02a3 2E020000 		.4byte	.LASF35
 499 02a7 01       		.byte	0x1
 500 02a8 5A       		.byte	0x5a
 501 02a9 2B       		.byte	0x2b
 502 02aa 9A010000 		.4byte	0x19a
 503 02ae 80000000 		.4byte	.LLST2
 504 02b2 7C000000 		.4byte	.LVUS2
 505 02b6 11       		.uleb128 0x11
 506 02b7 5C000000 		.4byte	.LASF36
 507 02bb D0020000 		.4byte	0x2d0
 508 02bf 00       		.byte	0
 509 02c0 14       		.uleb128 0x14
 510 02c1 A2000000 		.4byte	0xa2
 511 02c5 D0020000 		.4byte	0x2d0
 512 02c9 15       		.uleb128 0x15
 513 02ca 2C000000 		.4byte	0x2c
ARM GAS  /tmp/ccxDAhwF.s 			page 10


 514 02ce 0B       		.byte	0xb
 515 02cf 00       		.byte	0
 516 02d0 06       		.uleb128 0x6
 517 02d1 C0020000 		.4byte	0x2c0
 518 02d5 16       		.uleb128 0x16
 519 02d6 11000000 		.4byte	.LASF40
 520 02da 01       		.byte	0x1
 521 02db 41       		.byte	0x41
 522 02dc 0E       		.byte	0xe
 523 02dd 9A010000 		.4byte	0x19a
 524 02e1 00000000 		.4byte	.LFB277
 525 02e5 0E000000 		.4byte	.LFE277-.LFB277
 526 02e9 01       		.uleb128 0x1
 527 02ea 9C       		.byte	0x9c
 528 02eb 0D030000 		.4byte	0x30d
 529 02ef 0F       		.uleb128 0xf
 530 02f0 62757300 		.ascii	"bus\000"
 531 02f4 01       		.byte	0x1
 532 02f5 41       		.byte	0x41
 533 02f6 20       		.byte	0x20
 534 02f7 5D020000 		.4byte	0x25d
 535 02fb A5000000 		.4byte	.LLST0
 536 02ff A1000000 		.4byte	.LVUS0
 537 0303 11       		.uleb128 0x11
 538 0304 5C000000 		.4byte	.LASF36
 539 0308 1D030000 		.4byte	0x31d
 540 030c 00       		.byte	0
 541 030d 14       		.uleb128 0x14
 542 030e A2000000 		.4byte	0xa2
 543 0312 1D030000 		.4byte	0x31d
 544 0316 15       		.uleb128 0x15
 545 0317 2C000000 		.4byte	0x2c
 546 031b 0A       		.byte	0xa
 547 031c 00       		.byte	0
 548 031d 06       		.uleb128 0x6
 549 031e 0D030000 		.4byte	0x30d
 550 0322 17       		.uleb128 0x17
 551 0323 DB010000 		.4byte	.LASF41
 552 0327 DB010000 		.4byte	.LASF41
 553 032b 03       		.byte	0x3
 554 032c 2402     		.2byte	0x224
 555 032e 08       		.byte	0x8
 556 032f 00       		.byte	0
 557              		.section	.debug_abbrev,"",%progbits
 558              	.Ldebug_abbrev0:
 559 0000 01       		.uleb128 0x1
 560 0001 11       		.uleb128 0x11
 561 0002 01       		.byte	0x1
 562 0003 25       		.uleb128 0x25
 563 0004 0E       		.uleb128 0xe
 564 0005 13       		.uleb128 0x13
 565 0006 0B       		.uleb128 0xb
 566 0007 03       		.uleb128 0x3
 567 0008 0E       		.uleb128 0xe
 568 0009 1B       		.uleb128 0x1b
 569 000a 0E       		.uleb128 0xe
 570 000b 55       		.uleb128 0x55
ARM GAS  /tmp/ccxDAhwF.s 			page 11


 571 000c 17       		.uleb128 0x17
 572 000d 11       		.uleb128 0x11
 573 000e 01       		.uleb128 0x1
 574 000f 10       		.uleb128 0x10
 575 0010 17       		.uleb128 0x17
 576 0011 00       		.byte	0
 577 0012 00       		.byte	0
 578 0013 02       		.uleb128 0x2
 579 0014 24       		.uleb128 0x24
 580 0015 00       		.byte	0
 581 0016 0B       		.uleb128 0xb
 582 0017 0B       		.uleb128 0xb
 583 0018 3E       		.uleb128 0x3e
 584 0019 0B       		.uleb128 0xb
 585 001a 03       		.uleb128 0x3
 586 001b 08       		.uleb128 0x8
 587 001c 00       		.byte	0
 588 001d 00       		.byte	0
 589 001e 03       		.uleb128 0x3
 590 001f 24       		.uleb128 0x24
 591 0020 00       		.byte	0
 592 0021 0B       		.uleb128 0xb
 593 0022 0B       		.uleb128 0xb
 594 0023 3E       		.uleb128 0x3e
 595 0024 0B       		.uleb128 0xb
 596 0025 03       		.uleb128 0x3
 597 0026 0E       		.uleb128 0xe
 598 0027 00       		.byte	0
 599 0028 00       		.byte	0
 600 0029 04       		.uleb128 0x4
 601 002a 16       		.uleb128 0x16
 602 002b 00       		.byte	0
 603 002c 03       		.uleb128 0x3
 604 002d 0E       		.uleb128 0xe
 605 002e 3A       		.uleb128 0x3a
 606 002f 0B       		.uleb128 0xb
 607 0030 3B       		.uleb128 0x3b
 608 0031 0B       		.uleb128 0xb
 609 0032 39       		.uleb128 0x39
 610 0033 0B       		.uleb128 0xb
 611 0034 49       		.uleb128 0x49
 612 0035 13       		.uleb128 0x13
 613 0036 00       		.byte	0
 614 0037 00       		.byte	0
 615 0038 05       		.uleb128 0x5
 616 0039 35       		.uleb128 0x35
 617 003a 00       		.byte	0
 618 003b 49       		.uleb128 0x49
 619 003c 13       		.uleb128 0x13
 620 003d 00       		.byte	0
 621 003e 00       		.byte	0
 622 003f 06       		.uleb128 0x6
 623 0040 26       		.uleb128 0x26
 624 0041 00       		.byte	0
 625 0042 49       		.uleb128 0x49
 626 0043 13       		.uleb128 0x13
 627 0044 00       		.byte	0
ARM GAS  /tmp/ccxDAhwF.s 			page 12


 628 0045 00       		.byte	0
 629 0046 07       		.uleb128 0x7
 630 0047 13       		.uleb128 0x13
 631 0048 01       		.byte	0x1
 632 0049 0B       		.uleb128 0xb
 633 004a 0B       		.uleb128 0xb
 634 004b 3A       		.uleb128 0x3a
 635 004c 0B       		.uleb128 0xb
 636 004d 3B       		.uleb128 0x3b
 637 004e 0B       		.uleb128 0xb
 638 004f 39       		.uleb128 0x39
 639 0050 0B       		.uleb128 0xb
 640 0051 01       		.uleb128 0x1
 641 0052 13       		.uleb128 0x13
 642 0053 00       		.byte	0
 643 0054 00       		.byte	0
 644 0055 08       		.uleb128 0x8
 645 0056 0D       		.uleb128 0xd
 646 0057 00       		.byte	0
 647 0058 03       		.uleb128 0x3
 648 0059 08       		.uleb128 0x8
 649 005a 3A       		.uleb128 0x3a
 650 005b 0B       		.uleb128 0xb
 651 005c 3B       		.uleb128 0x3b
 652 005d 0B       		.uleb128 0xb
 653 005e 39       		.uleb128 0x39
 654 005f 0B       		.uleb128 0xb
 655 0060 49       		.uleb128 0x49
 656 0061 13       		.uleb128 0x13
 657 0062 38       		.uleb128 0x38
 658 0063 0B       		.uleb128 0xb
 659 0064 00       		.byte	0
 660 0065 00       		.byte	0
 661 0066 09       		.uleb128 0x9
 662 0067 0D       		.uleb128 0xd
 663 0068 00       		.byte	0
 664 0069 03       		.uleb128 0x3
 665 006a 0E       		.uleb128 0xe
 666 006b 3A       		.uleb128 0x3a
 667 006c 0B       		.uleb128 0xb
 668 006d 3B       		.uleb128 0x3b
 669 006e 0B       		.uleb128 0xb
 670 006f 39       		.uleb128 0x39
 671 0070 0B       		.uleb128 0xb
 672 0071 49       		.uleb128 0x49
 673 0072 13       		.uleb128 0x13
 674 0073 38       		.uleb128 0x38
 675 0074 0B       		.uleb128 0xb
 676 0075 00       		.byte	0
 677 0076 00       		.byte	0
 678 0077 0A       		.uleb128 0xa
 679 0078 17       		.uleb128 0x17
 680 0079 01       		.byte	0x1
 681 007a 0B       		.uleb128 0xb
 682 007b 0B       		.uleb128 0xb
 683 007c 3A       		.uleb128 0x3a
 684 007d 0B       		.uleb128 0xb
ARM GAS  /tmp/ccxDAhwF.s 			page 13


 685 007e 3B       		.uleb128 0x3b
 686 007f 0B       		.uleb128 0xb
 687 0080 39       		.uleb128 0x39
 688 0081 0B       		.uleb128 0xb
 689 0082 01       		.uleb128 0x1
 690 0083 13       		.uleb128 0x13
 691 0084 00       		.byte	0
 692 0085 00       		.byte	0
 693 0086 0B       		.uleb128 0xb
 694 0087 0D       		.uleb128 0xd
 695 0088 00       		.byte	0
 696 0089 03       		.uleb128 0x3
 697 008a 08       		.uleb128 0x8
 698 008b 3A       		.uleb128 0x3a
 699 008c 0B       		.uleb128 0xb
 700 008d 3B       		.uleb128 0x3b
 701 008e 0B       		.uleb128 0xb
 702 008f 39       		.uleb128 0x39
 703 0090 0B       		.uleb128 0xb
 704 0091 49       		.uleb128 0x49
 705 0092 13       		.uleb128 0x13
 706 0093 00       		.byte	0
 707 0094 00       		.byte	0
 708 0095 0C       		.uleb128 0xc
 709 0096 16       		.uleb128 0x16
 710 0097 00       		.byte	0
 711 0098 03       		.uleb128 0x3
 712 0099 0E       		.uleb128 0xe
 713 009a 3A       		.uleb128 0x3a
 714 009b 0B       		.uleb128 0xb
 715 009c 3B       		.uleb128 0x3b
 716 009d 05       		.uleb128 0x5
 717 009e 39       		.uleb128 0x39
 718 009f 0B       		.uleb128 0xb
 719 00a0 49       		.uleb128 0x49
 720 00a1 13       		.uleb128 0x13
 721 00a2 00       		.byte	0
 722 00a3 00       		.byte	0
 723 00a4 0D       		.uleb128 0xd
 724 00a5 0F       		.uleb128 0xf
 725 00a6 00       		.byte	0
 726 00a7 0B       		.uleb128 0xb
 727 00a8 0B       		.uleb128 0xb
 728 00a9 49       		.uleb128 0x49
 729 00aa 13       		.uleb128 0x13
 730 00ab 00       		.byte	0
 731 00ac 00       		.byte	0
 732 00ad 0E       		.uleb128 0xe
 733 00ae 2E       		.uleb128 0x2e
 734 00af 01       		.byte	0x1
 735 00b0 3F       		.uleb128 0x3f
 736 00b1 19       		.uleb128 0x19
 737 00b2 03       		.uleb128 0x3
 738 00b3 0E       		.uleb128 0xe
 739 00b4 3A       		.uleb128 0x3a
 740 00b5 0B       		.uleb128 0xb
 741 00b6 3B       		.uleb128 0x3b
ARM GAS  /tmp/ccxDAhwF.s 			page 14


 742 00b7 0B       		.uleb128 0xb
 743 00b8 39       		.uleb128 0x39
 744 00b9 0B       		.uleb128 0xb
 745 00ba 27       		.uleb128 0x27
 746 00bb 19       		.uleb128 0x19
 747 00bc 11       		.uleb128 0x11
 748 00bd 01       		.uleb128 0x1
 749 00be 12       		.uleb128 0x12
 750 00bf 06       		.uleb128 0x6
 751 00c0 40       		.uleb128 0x40
 752 00c1 18       		.uleb128 0x18
 753 00c2 9742     		.uleb128 0x2117
 754 00c4 19       		.uleb128 0x19
 755 00c5 01       		.uleb128 0x1
 756 00c6 13       		.uleb128 0x13
 757 00c7 00       		.byte	0
 758 00c8 00       		.byte	0
 759 00c9 0F       		.uleb128 0xf
 760 00ca 05       		.uleb128 0x5
 761 00cb 00       		.byte	0
 762 00cc 03       		.uleb128 0x3
 763 00cd 08       		.uleb128 0x8
 764 00ce 3A       		.uleb128 0x3a
 765 00cf 0B       		.uleb128 0xb
 766 00d0 3B       		.uleb128 0x3b
 767 00d1 0B       		.uleb128 0xb
 768 00d2 39       		.uleb128 0x39
 769 00d3 0B       		.uleb128 0xb
 770 00d4 49       		.uleb128 0x49
 771 00d5 13       		.uleb128 0x13
 772 00d6 02       		.uleb128 0x2
 773 00d7 17       		.uleb128 0x17
 774 00d8 B742     		.uleb128 0x2137
 775 00da 17       		.uleb128 0x17
 776 00db 00       		.byte	0
 777 00dc 00       		.byte	0
 778 00dd 10       		.uleb128 0x10
 779 00de 05       		.uleb128 0x5
 780 00df 00       		.byte	0
 781 00e0 03       		.uleb128 0x3
 782 00e1 0E       		.uleb128 0xe
 783 00e2 3A       		.uleb128 0x3a
 784 00e3 0B       		.uleb128 0xb
 785 00e4 3B       		.uleb128 0x3b
 786 00e5 0B       		.uleb128 0xb
 787 00e6 39       		.uleb128 0x39
 788 00e7 0B       		.uleb128 0xb
 789 00e8 49       		.uleb128 0x49
 790 00e9 13       		.uleb128 0x13
 791 00ea 02       		.uleb128 0x2
 792 00eb 17       		.uleb128 0x17
 793 00ec B742     		.uleb128 0x2137
 794 00ee 17       		.uleb128 0x17
 795 00ef 00       		.byte	0
 796 00f0 00       		.byte	0
 797 00f1 11       		.uleb128 0x11
 798 00f2 34       		.uleb128 0x34
ARM GAS  /tmp/ccxDAhwF.s 			page 15


 799 00f3 00       		.byte	0
 800 00f4 03       		.uleb128 0x3
 801 00f5 0E       		.uleb128 0xe
 802 00f6 49       		.uleb128 0x49
 803 00f7 13       		.uleb128 0x13
 804 00f8 34       		.uleb128 0x34
 805 00f9 19       		.uleb128 0x19
 806 00fa 00       		.byte	0
 807 00fb 00       		.byte	0
 808 00fc 12       		.uleb128 0x12
 809 00fd 898201   		.uleb128 0x4109
 810 0100 01       		.byte	0x1
 811 0101 11       		.uleb128 0x11
 812 0102 01       		.uleb128 0x1
 813 0103 9542     		.uleb128 0x2115
 814 0105 19       		.uleb128 0x19
 815 0106 31       		.uleb128 0x31
 816 0107 13       		.uleb128 0x13
 817 0108 00       		.byte	0
 818 0109 00       		.byte	0
 819 010a 13       		.uleb128 0x13
 820 010b 8A8201   		.uleb128 0x410a
 821 010e 00       		.byte	0
 822 010f 02       		.uleb128 0x2
 823 0110 18       		.uleb128 0x18
 824 0111 9142     		.uleb128 0x2111
 825 0113 18       		.uleb128 0x18
 826 0114 00       		.byte	0
 827 0115 00       		.byte	0
 828 0116 14       		.uleb128 0x14
 829 0117 01       		.uleb128 0x1
 830 0118 01       		.byte	0x1
 831 0119 49       		.uleb128 0x49
 832 011a 13       		.uleb128 0x13
 833 011b 01       		.uleb128 0x1
 834 011c 13       		.uleb128 0x13
 835 011d 00       		.byte	0
 836 011e 00       		.byte	0
 837 011f 15       		.uleb128 0x15
 838 0120 21       		.uleb128 0x21
 839 0121 00       		.byte	0
 840 0122 49       		.uleb128 0x49
 841 0123 13       		.uleb128 0x13
 842 0124 2F       		.uleb128 0x2f
 843 0125 0B       		.uleb128 0xb
 844 0126 00       		.byte	0
 845 0127 00       		.byte	0
 846 0128 16       		.uleb128 0x16
 847 0129 2E       		.uleb128 0x2e
 848 012a 01       		.byte	0x1
 849 012b 3F       		.uleb128 0x3f
 850 012c 19       		.uleb128 0x19
 851 012d 03       		.uleb128 0x3
 852 012e 0E       		.uleb128 0xe
 853 012f 3A       		.uleb128 0x3a
 854 0130 0B       		.uleb128 0xb
 855 0131 3B       		.uleb128 0x3b
ARM GAS  /tmp/ccxDAhwF.s 			page 16


 856 0132 0B       		.uleb128 0xb
 857 0133 39       		.uleb128 0x39
 858 0134 0B       		.uleb128 0xb
 859 0135 27       		.uleb128 0x27
 860 0136 19       		.uleb128 0x19
 861 0137 49       		.uleb128 0x49
 862 0138 13       		.uleb128 0x13
 863 0139 11       		.uleb128 0x11
 864 013a 01       		.uleb128 0x1
 865 013b 12       		.uleb128 0x12
 866 013c 06       		.uleb128 0x6
 867 013d 40       		.uleb128 0x40
 868 013e 18       		.uleb128 0x18
 869 013f 9742     		.uleb128 0x2117
 870 0141 19       		.uleb128 0x19
 871 0142 01       		.uleb128 0x1
 872 0143 13       		.uleb128 0x13
 873 0144 00       		.byte	0
 874 0145 00       		.byte	0
 875 0146 17       		.uleb128 0x17
 876 0147 2E       		.uleb128 0x2e
 877 0148 00       		.byte	0
 878 0149 3F       		.uleb128 0x3f
 879 014a 19       		.uleb128 0x19
 880 014b 3C       		.uleb128 0x3c
 881 014c 19       		.uleb128 0x19
 882 014d 6E       		.uleb128 0x6e
 883 014e 0E       		.uleb128 0xe
 884 014f 03       		.uleb128 0x3
 885 0150 0E       		.uleb128 0xe
 886 0151 3A       		.uleb128 0x3a
 887 0152 0B       		.uleb128 0xb
 888 0153 3B       		.uleb128 0x3b
 889 0154 05       		.uleb128 0x5
 890 0155 39       		.uleb128 0x39
 891 0156 0B       		.uleb128 0xb
 892 0157 00       		.byte	0
 893 0158 00       		.byte	0
 894 0159 00       		.byte	0
 895              		.section	.debug_loc,"",%progbits
 896              	.Ldebug_loc0:
 897              	.LVUS3:
 898 0000 00       		.uleb128 0
 899 0001 00       		.uleb128 .LVU28
 900 0002 00       		.uleb128 .LVU28
 901 0003 00       		.uleb128 0
 902              	.LLST3:
 903 0004 00000000 		.4byte	.LVL5
 904 0008 0A000000 		.4byte	.LVL7
 905 000c 0100     		.2byte	0x1
 906 000e 50       		.byte	0x50
 907 000f 0A000000 		.4byte	.LVL7
 908 0013 14000000 		.4byte	.LFE279
 909 0017 0400     		.2byte	0x4
 910 0019 F3       		.byte	0xf3
 911 001a 01       		.uleb128 0x1
 912 001b 50       		.byte	0x50
ARM GAS  /tmp/ccxDAhwF.s 			page 17


 913 001c 9F       		.byte	0x9f
 914 001d 00000000 		.4byte	0
 915 0021 00000000 		.4byte	0
 916              	.LVUS4:
 917 0025 00       		.uleb128 0
 918 0026 00       		.uleb128 .LVU27
 919 0027 00       		.uleb128 .LVU27
 920 0028 00       		.uleb128 .LVU31
 921 0029 00       		.uleb128 .LVU31
 922 002a 00       		.uleb128 0
 923              	.LLST4:
 924 002b 00000000 		.4byte	.LVL5
 925 002f 08000000 		.4byte	.LVL6
 926 0033 0100     		.2byte	0x1
 927 0035 51       		.byte	0x51
 928 0036 08000000 		.4byte	.LVL6
 929 003a 13000000 		.4byte	.LVL8-1
 930 003e 0100     		.2byte	0x1
 931 0040 52       		.byte	0x52
 932 0041 13000000 		.4byte	.LVL8-1
 933 0045 14000000 		.4byte	.LFE279
 934 0049 0400     		.2byte	0x4
 935 004b F3       		.byte	0xf3
 936 004c 01       		.uleb128 0x1
 937 004d 51       		.byte	0x51
 938 004e 9F       		.byte	0x9f
 939 004f 00000000 		.4byte	0
 940 0053 00000000 		.4byte	0
 941              	.LVUS1:
 942 0057 00       		.uleb128 0
 943 0058 00       		.uleb128 .LVU16
 944 0059 00       		.uleb128 .LVU16
 945 005a 00       		.uleb128 0
 946              	.LLST1:
 947 005b 00000000 		.4byte	.LVL2
 948 005f 12000000 		.4byte	.LVL4
 949 0063 0100     		.2byte	0x1
 950 0065 50       		.byte	0x50
 951 0066 12000000 		.4byte	.LVL4
 952 006a 1C000000 		.4byte	.LFE278
 953 006e 0400     		.2byte	0x4
 954 0070 F3       		.byte	0xf3
 955 0071 01       		.uleb128 0x1
 956 0072 50       		.byte	0x50
 957 0073 9F       		.byte	0x9f
 958 0074 00000000 		.4byte	0
 959 0078 00000000 		.4byte	0
 960              	.LVUS2:
 961 007c 00       		.uleb128 0
 962 007d 00       		.uleb128 .LVU15
 963 007e 00       		.uleb128 .LVU15
 964 007f 00       		.uleb128 0
 965              	.LLST2:
 966 0080 00000000 		.4byte	.LVL2
 967 0084 0C000000 		.4byte	.LVL3
 968 0088 0100     		.2byte	0x1
 969 008a 51       		.byte	0x51
ARM GAS  /tmp/ccxDAhwF.s 			page 18


 970 008b 0C000000 		.4byte	.LVL3
 971 008f 1C000000 		.4byte	.LFE278
 972 0093 0400     		.2byte	0x4
 973 0095 F3       		.byte	0xf3
 974 0096 01       		.uleb128 0x1
 975 0097 51       		.byte	0x51
 976 0098 9F       		.byte	0x9f
 977 0099 00000000 		.4byte	0
 978 009d 00000000 		.4byte	0
 979              	.LVUS0:
 980 00a1 00       		.uleb128 0
 981 00a2 00       		.uleb128 .LVU6
 982 00a3 00       		.uleb128 .LVU6
 983 00a4 00       		.uleb128 0
 984              	.LLST0:
 985 00a5 00000000 		.4byte	.LVL0
 986 00a9 08000000 		.4byte	.LVL1
 987 00ad 0100     		.2byte	0x1
 988 00af 50       		.byte	0x50
 989 00b0 08000000 		.4byte	.LVL1
 990 00b4 0E000000 		.4byte	.LFE277
 991 00b8 0400     		.2byte	0x4
 992 00ba F3       		.byte	0xf3
 993 00bb 01       		.uleb128 0x1
 994 00bc 50       		.byte	0x50
 995 00bd 9F       		.byte	0x9f
 996 00be 00000000 		.4byte	0
 997 00c2 00000000 		.4byte	0
 998              		.section	.debug_aranges,"",%progbits
 999 0000 2C000000 		.4byte	0x2c
 1000 0004 0200     		.2byte	0x2
 1001 0006 00000000 		.4byte	.Ldebug_info0
 1002 000a 04       		.byte	0x4
 1003 000b 00       		.byte	0
 1004 000c 0000     		.2byte	0
 1005 000e 0000     		.2byte	0
 1006 0010 00000000 		.4byte	.LFB277
 1007 0014 0E000000 		.4byte	.LFE277-.LFB277
 1008 0018 00000000 		.4byte	.LFB278
 1009 001c 1C000000 		.4byte	.LFE278-.LFB278
 1010 0020 00000000 		.4byte	.LFB279
 1011 0024 14000000 		.4byte	.LFE279-.LFB279
 1012 0028 00000000 		.4byte	0
 1013 002c 00000000 		.4byte	0
 1014              		.section	.debug_ranges,"",%progbits
 1015              	.Ldebug_ranges0:
 1016 0000 00000000 		.4byte	.LFB277
 1017 0004 0E000000 		.4byte	.LFE277
 1018 0008 00000000 		.4byte	.LFB278
 1019 000c 1C000000 		.4byte	.LFE278
 1020 0010 00000000 		.4byte	.LFB279
 1021 0014 14000000 		.4byte	.LFE279
 1022 0018 00000000 		.4byte	0
 1023 001c 00000000 		.4byte	0
 1024              		.section	.debug_line,"",%progbits
 1025              	.Ldebug_line0:
 1026 0000 3D010000 		.section	.debug_str,"MS",%progbits,1
ARM GAS  /tmp/ccxDAhwF.s 			page 19


 1026      0300C700 
 1026      00000201 
 1026      FB0E0D00 
 1026      01010101 
 1027              	.LASF21:
 1028 0000 4C434B52 		.ascii	"LCKR\000"
 1028      00
 1029              	.LASF15:
 1030 0005 636C6561 		.ascii	"clear\000"
 1030      7200
 1031              	.LASF16:
 1032 000b 4D4F4445 		.ascii	"MODER\000"
 1032      5200
 1033              	.LASF40:
 1034 0011 70616C52 		.ascii	"palReadBus\000"
 1034      65616442 
 1034      757300
 1035              	.LASF12:
 1036 001c 75696E74 		.ascii	"uint_fast8_t\000"
 1036      5F666173 
 1036      74385F74 
 1036      00
 1037              	.LASF20:
 1038 0029 42535252 		.ascii	"BSRR\000"
 1038      00
 1039              	.LASF34:
 1040 002e 70616C57 		.ascii	"palWriteBus\000"
 1040      72697465 
 1040      42757300 
 1041              	.LASF33:
 1042 003a 70616C53 		.ascii	"palSetBusMode\000"
 1042      65744275 
 1042      734D6F64 
 1042      6500
 1043              	.LASF28:
 1044 0048 706F7274 		.ascii	"portid\000"
 1044      696400
 1045              	.LASF25:
 1046 004f 696F706F 		.ascii	"ioportmask_t\000"
 1046      72746D61 
 1046      736B5F74 
 1046      00
 1047              	.LASF36:
 1048 005c 5F5F6675 		.ascii	"__func__\000"
 1048      6E635F5F 
 1048      00
 1049              	.LASF17:
 1050 0065 4F545950 		.ascii	"OTYPER\000"
 1050      455200
 1051              	.LASF26:
 1052 006c 696F6D6F 		.ascii	"iomode_t\000"
 1052      64655F74 
 1052      00
 1053              	.LASF6:
 1054 0075 756E7369 		.ascii	"unsigned char\000"
 1054      676E6564 
 1054      20636861 
ARM GAS  /tmp/ccxDAhwF.s 			page 20


 1054      7200
 1055              	.LASF23:
 1056 0083 41465248 		.ascii	"AFRH\000"
 1056      00
 1057              	.LASF10:
 1058 0088 6C6F6E67 		.ascii	"long unsigned int\000"
 1058      20756E73 
 1058      69676E65 
 1058      6420696E 
 1058      7400
 1059              	.LASF7:
 1060 009a 73686F72 		.ascii	"short unsigned int\000"
 1060      7420756E 
 1060      7369676E 
 1060      65642069 
 1060      6E7400
 1061              	.LASF22:
 1062 00ad 4146524C 		.ascii	"AFRL\000"
 1062      00
 1063              	.LASF39:
 1064 00b2 2F686F6D 		.ascii	"/home/tfateba/nlab/ip/trunk/demos/STM32/RT-STM32F40"
 1064      652F7466 
 1064      61746562 
 1064      612F6E6C 
 1064      61622F69 
 1065 00e5 372D4449 		.ascii	"7-DISCOVERY-G++\000"
 1065      53434F56 
 1065      4552592D 
 1065      472B2B00 
 1066              	.LASF37:
 1067 00f5 474E5520 		.ascii	"GNU C17 10.3.1 20210621 (release) -mcpu=cortex-m4 -"
 1067      43313720 
 1067      31302E33 
 1067      2E312032 
 1067      30323130 
 1068 0128 6D6E6F2D 		.ascii	"mno-thumb-interwork -mthumb -mfloat-abi=soft -march"
 1068      7468756D 
 1068      622D696E 
 1068      74657277 
 1068      6F726B20 
 1069 015b 3D61726D 		.ascii	"=armv7e-m -ggdb -O2 -fomit-frame-pointer -falign-fu"
 1069      7637652D 
 1069      6D202D67 
 1069      67646220 
 1069      2D4F3220 
 1070 018e 6E637469 		.ascii	"nctions=16 -ffunction-sections -fdata-sections -fno"
 1070      6F6E733D 
 1070      3136202D 
 1070      6666756E 
 1070      6374696F 
 1071 01c1 2D636F6D 		.ascii	"-common\000"
 1071      6D6F6E00 
 1072              	.LASF4:
 1073 01c9 73686F72 		.ascii	"short int\000"
 1073      7420696E 
 1073      7400
 1074              	.LASF18:
ARM GAS  /tmp/ccxDAhwF.s 			page 21


 1075 01d3 4F535045 		.ascii	"OSPEEDR\000"
 1075      45445200 
 1076              	.LASF41:
 1077 01db 5F70616C 		.ascii	"_pal_lld_setgroupmode\000"
 1077      5F6C6C64 
 1077      5F736574 
 1077      67726F75 
 1077      706D6F64 
 1078              	.LASF0:
 1079 01f1 756E7369 		.ascii	"unsigned int\000"
 1079      676E6564 
 1079      20696E74 
 1079      00
 1080              	.LASF13:
 1081 01fe 63686172 		.ascii	"char\000"
 1081      00
 1082              	.LASF32:
 1083 0203 6D6F6465 		.ascii	"mode\000"
 1083      00
 1084              	.LASF24:
 1085 0208 73746D33 		.ascii	"stm32_gpio_t\000"
 1085      325F6770 
 1085      696F5F74 
 1085      00
 1086              	.LASF19:
 1087 0215 50555044 		.ascii	"PUPDR\000"
 1087      5200
 1088              	.LASF1:
 1089 021b 6C6F6E67 		.ascii	"long long int\000"
 1089      206C6F6E 
 1089      6720696E 
 1089      7400
 1090              	.LASF29:
 1091 0229 6D61736B 		.ascii	"mask\000"
 1091      00
 1092              	.LASF35:
 1093 022e 62697473 		.ascii	"bits\000"
 1093      00
 1094              	.LASF30:
 1095 0233 6F666673 		.ascii	"offset\000"
 1095      657400
 1096              	.LASF38:
 1097 023a 2E2E2F2E 		.ascii	"../../../os/hal/src/hal_pal.c\000"
 1097      2E2F2E2E 
 1097      2F6F732F 
 1097      68616C2F 
 1097      7372632F 
 1098              	.LASF27:
 1099 0258 696F706F 		.ascii	"ioportid_t\000"
 1099      72746964 
 1099      5F7400
 1100              	.LASF8:
 1101 0263 75696E74 		.ascii	"uint16_t\000"
 1101      31365F74 
 1101      00
 1102              	.LASF9:
 1103 026c 75696E74 		.ascii	"uint32_t\000"
ARM GAS  /tmp/ccxDAhwF.s 			page 22


 1103      33325F74 
 1103      00
 1104              	.LASF5:
 1105 0275 6C6F6E67 		.ascii	"long int\000"
 1105      20696E74 
 1105      00
 1106              	.LASF2:
 1107 027e 6C6F6E67 		.ascii	"long double\000"
 1107      20646F75 
 1107      626C6500 
 1108              	.LASF3:
 1109 028a 7369676E 		.ascii	"signed char\000"
 1109      65642063 
 1109      68617200 
 1110              	.LASF14:
 1111 0296 5F426F6F 		.ascii	"_Bool\000"
 1111      6C00
 1112              	.LASF11:
 1113 029c 6C6F6E67 		.ascii	"long long unsigned int\000"
 1113      206C6F6E 
 1113      6720756E 
 1113      7369676E 
 1113      65642069 
 1114              	.LASF31:
 1115 02b3 494F4275 		.ascii	"IOBus\000"
 1115      7300
 1116              		.ident	"GCC: (15:10.3-2021.07-4) 10.3.1 20210621 (release)"
ARM GAS  /tmp/ccxDAhwF.s 			page 23


DEFINED SYMBOLS
                            *ABS*:0000000000000000 hal_pal.c
     /tmp/ccxDAhwF.s:16     .text.palReadBus:0000000000000000 $t
     /tmp/ccxDAhwF.s:25     .text.palReadBus:0000000000000000 palReadBus
     /tmp/ccxDAhwF.s:53     .text.palWriteBus:0000000000000000 $t
     /tmp/ccxDAhwF.s:61     .text.palWriteBus:0000000000000000 palWriteBus
     /tmp/ccxDAhwF.s:101    .text.palSetBusMode:0000000000000000 $t
     /tmp/ccxDAhwF.s:109    .text.palSetBusMode:0000000000000000 palSetBusMode

UNDEFINED SYMBOLS
_pal_lld_setgroupmode
