   1               		.file	"hal_mmcsd.c"
   2               	__SP_H__ = 0x3e
   3               	__SP_L__ = 0x3d
   4               	__SREG__ = 0x3f
   5               	__RAMPZ__ = 0x3b
   6               	__tmp_reg__ = 0
   7               	__zero_reg__ = 1
   8               		.text
   9               	.Ltext0:
  10               		.cfi_sections	.debug_frame
  11               	.Letext0:
  12               		.file 1 "/usr/lib/avr/include/stdint.h"
  13               		.file 2 "../../../os/common/ports/AVR/compilers/GCC/chtypes.h"
  14               		.file 3 "../../../os/rt/include/chsystypes.h"
  15               		.file 4 "../../../os/rt/include/chschd.h"
  16               		.file 5 "../../../os/common/ports/AVR/chcore.h"
  17               		.file 6 "../../../os/rt/include/chsem.h"
  18               		.file 7 "../../../os/rt/include/chmtx.h"
DEFINED SYMBOLS
                            *ABS*:0000000000000000 hal_mmcsd.c
     /tmp/ccMdEGzU.s:2      *ABS*:000000000000003e __SP_H__
     /tmp/ccMdEGzU.s:3      *ABS*:000000000000003d __SP_L__
     /tmp/ccMdEGzU.s:4      *ABS*:000000000000003f __SREG__
     /tmp/ccMdEGzU.s:5      *ABS*:000000000000003b __RAMPZ__
     /tmp/ccMdEGzU.s:6      *ABS*:0000000000000000 __tmp_reg__
     /tmp/ccMdEGzU.s:7      *ABS*:0000000000000001 __zero_reg__

NO UNDEFINED SYMBOLS
